<?xml version="1.0" encoding="UTF-8"?>
<!-- Generated by org.testng.reporters.JUnitReportReporter -->
<testsuite ignored="0" hostname="MacBook-Air-de-DELLPHOTO.local" failures="0" tests="1" name="testSel.SelTest" time="5.304" errors="0" timestamp="25 jun. 2022 14:39:43 GMT" skipped="0">
  <testcase classname="testSel.SelTest" name="f" time="5.304"/>
</testsuite> <!-- testSel.SelTest -->
